Nov 21, 2016 4:55:11 PM org.apache.catalina.core.AprLifecycleListener init
INFO: The APR based Apache Tomcat Native library which allows optimal performance in production environments was not found on the java.library.path: /usr/local/java/jre/lib/amd64/server:/usr/local/java/jre/lib/amd64:/usr/local/java/jre/../lib/amd64:/usr/java/packages/lib/amd64:/usr/lib64:/lib64:/lib:/usr/lib
Nov 21, 2016 4:55:11 PM org.apache.catalina.startup.SetAllPropertiesRule begin
WARNING: [SetAllPropertiesRule]{Server/Service/Connector} Setting property 'minSpareThreads' to '200' did not find a matching property.
Nov 21, 2016 4:55:12 PM org.apache.tomcat.util.net.NioSelectorPool getSharedSelector
INFO: Using a shared selector for servlet write/read
Nov 21, 2016 4:55:12 PM org.apache.coyote.http11.Http11NioProtocol init
INFO: Initializing Coyote HTTP/1.1 on http-8088
Nov 21, 2016 4:55:12 PM org.apache.catalina.startup.Catalina load
INFO: Initialization processed in 495 ms
Nov 21, 2016 4:55:12 PM org.apache.catalina.core.StandardService start
INFO: Starting service Catalina
Nov 21, 2016 4:55:12 PM org.apache.catalina.core.StandardEngine start
INFO: Starting Servlet Engine: Apache Tomcat/6.0.45
Nov 21, 2016 4:55:12 PM org.apache.catalina.startup.HostConfig deployDescriptor
INFO: Deploying configuration descriptor manager.xml
Nov 21, 2016 4:55:12 PM org.apache.catalina.startup.HostConfig deployDescriptor
INFO: Deploying configuration descriptor host-manager.xml
Nov 21, 2016 4:55:12 PM org.apache.catalina.startup.HostConfig deployDirectory
INFO: Deploying web application directory itunes
Nov 21, 2016 4:55:12 PM org.apache.catalina.loader.WebappClassLoader validateJarFile
INFO: validateJarFile(/home/consumer/tomcat/webapps/itunes/WEB-INF/lib/javax.servlet-api-3.1.0.jar) - jar not loaded. See Servlet Spec 2.3, section 9.7.2. Offending class: javax/servlet/Servlet.class
log4j:WARN No appenders could be found for logger (org.springframework.web.context.support.StandardServletEnvironment).
log4j:WARN Please initialize the log4j system properly.
log4j:WARN See http://logging.apache.org/log4j/1.2/faq.html#noconfig for more info.
